<?xml version="1.0" encoding="UTF-8"?>
<testsuite name="com.tweakalizer.ui.PerformanceUiSpecTest" tests="3" skipped="0" failures="0" errors="0" timestamp="2026-03-25T21:29:29" hostname="MacBearPigs-MacBook-Pro.local" time="0.036">
  <properties/>
  <testcase name="mvpBlueprintIsPortraitOnly()" classname="com.tweakalizer.ui.PerformanceUiSpecTest" time="0.031"/>
  <testcase name="mvpBlueprintContainsCriticalTransportControls()" classname="com.tweakalizer.ui.PerformanceUiSpecTest" time="0.001"/>
  <testcase name="mvpBlueprintContainsFourPrimaryZones()" classname="com.tweakalizer.ui.PerformanceUiSpecTest" time="0.001"/>
  <system-out><![CDATA[]]></system-out>
  <system-err><![CDATA[]]></system-err>
</testsuite>
