<?xml version="1.0" encoding="UTF-8"?>
<testsuite name="com.tweakalizer.audio.AudioEngineTest" tests="3" skipped="0" failures="0" errors="0" timestamp="2026-03-25T21:29:29" hostname="MacBearPigs-MacBook-Pro.local" time="0.153">
  <properties/>
  <testcase name="startFailureResetsToStopped()" classname="com.tweakalizer.audio.AudioEngineTest" time="0.123"/>
  <testcase name="startAndStopTransitionsStates()" classname="com.tweakalizer.audio.AudioEngineTest" time="0.002"/>
  <testcase name="invalidConfigThrows()" classname="com.tweakalizer.audio.AudioEngineTest" time="0.025"/>
  <system-out><![CDATA[]]></system-out>
  <system-err><![CDATA[]]></system-err>
</testsuite>
